2025-09-24 21:54:44 - numexpr.utils - INFO - NumExpr defaulting to 16 threads.
2025-10-02 16:59:48 - root - WARNING - Retry 1/5 after error: name 'docdb_api_client' is not defined
2025-10-02 16:59:49 - root - WARNING - Retry 2/5 after error: name 'docdb_api_client' is not defined
2025-10-02 16:59:50 - root - WARNING - Retry 3/5 after error: name 'docdb_api_client' is not defined
2025-10-02 16:59:51 - root - WARNING - Retry 4/5 after error: name 'docdb_api_client' is not defined
2025-10-02 16:59:52 - root - WARNING - Retry 5/5 after error: name 'docdb_api_client' is not defined
2025-10-02 17:00:07 - root - WARNING - Retry 1/5 after error: name 'docdb_api_client' is not defined
2025-10-02 17:00:08 - root - WARNING - Retry 2/5 after error: name 'docdb_api_client' is not defined
2025-10-02 17:00:09 - root - WARNING - Retry 3/5 after error: name 'docdb_api_client' is not defined
2025-10-02 17:00:10 - root - WARNING - Retry 4/5 after error: name 'docdb_api_client' is not defined
2025-10-02 17:00:11 - root - WARNING - Retry 5/5 after error: name 'docdb_api_client' is not defined
2025-10-06 06:10:35 - matplotlib.font_manager - INFO - generated new fontManager
2025-10-06 06:11:00 - aind_session.session - INFO - Multiple external links found for multiplane-ophys_767018_2025-01-28_12-16-57 in DocumentDB: using most-recent as raw data asset ID ['239689ee-f5c7-4438-822b-a656258bd002', 'b0c8d948-3643-433e-8b33-5deb077dff7a']
2025-10-06 06:11:00 - aind_session.session - INFO - Multiple external links found for multiplane-ophys_767018_2025-01-28_12-16-57 in DocumentDB: using most-recent as raw data asset ID ['239689ee-f5c7-4438-822b-a656258bd002', 'b0c8d948-3643-433e-8b33-5deb077dff7a']
2025-10-06 06:11:05 - aind_session.session - INFO - Multiple external links found for multiplane-ophys_767018_2025-02-10_13-04-43 in DocumentDB: using most-recent as raw data asset ID ['1d41a92d-2f10-40d1-830d-83ba23aca8bd', '6204745b-4903-4c81-8519-8d87853d35e8']
2025-10-06 06:11:05 - aind_session.session - INFO - Multiple external links found for multiplane-ophys_767018_2025-02-10_13-04-43 in DocumentDB: using most-recent as raw data asset ID ['1d41a92d-2f10-40d1-830d-83ba23aca8bd', '6204745b-4903-4c81-8519-8d87853d35e8']
2025-10-06 06:11:08 - aind_session.session - INFO - Multiple external links found for multiplane-ophys_767018_2025-02-18_12-28-32 in DocumentDB: using most-recent as raw data asset ID ['47bbe4ea-02f0-4010-97d8-9520a53e189a', 'ab18529d-56db-4675-b5df-46e88b69a8e7']
2025-10-06 06:11:08 - aind_session.session - INFO - Multiple external links found for multiplane-ophys_767018_2025-02-18_12-28-32 in DocumentDB: using most-recent as raw data asset ID ['47bbe4ea-02f0-4010-97d8-9520a53e189a', 'ab18529d-56db-4675-b5df-46e88b69a8e7']
2025-10-06 17:32:11 - aind_session.session - INFO - Multiple external links found for multiplane-ophys_767018_2025-01-28_12-16-57 in DocumentDB: using most-recent as raw data asset ID ['239689ee-f5c7-4438-822b-a656258bd002', 'b0c8d948-3643-433e-8b33-5deb077dff7a']
2025-10-06 17:32:11 - aind_session.session - INFO - Multiple external links found for multiplane-ophys_767018_2025-01-28_12-16-57 in DocumentDB: using most-recent as raw data asset ID ['239689ee-f5c7-4438-822b-a656258bd002', 'b0c8d948-3643-433e-8b33-5deb077dff7a']
2025-10-06 17:32:15 - aind_session.session - INFO - Multiple external links found for multiplane-ophys_767018_2025-02-10_13-04-43 in DocumentDB: using most-recent as raw data asset ID ['1d41a92d-2f10-40d1-830d-83ba23aca8bd', '6204745b-4903-4c81-8519-8d87853d35e8']
2025-10-06 17:32:15 - aind_session.session - INFO - Multiple external links found for multiplane-ophys_767018_2025-02-10_13-04-43 in DocumentDB: using most-recent as raw data asset ID ['1d41a92d-2f10-40d1-830d-83ba23aca8bd', '6204745b-4903-4c81-8519-8d87853d35e8']
2025-10-06 17:32:19 - aind_session.session - INFO - Multiple external links found for multiplane-ophys_767018_2025-02-18_12-28-32 in DocumentDB: using most-recent as raw data asset ID ['47bbe4ea-02f0-4010-97d8-9520a53e189a', 'ab18529d-56db-4675-b5df-46e88b69a8e7']
2025-10-06 17:32:19 - aind_session.session - INFO - Multiple external links found for multiplane-ophys_767018_2025-02-18_12-28-32 in DocumentDB: using most-recent as raw data asset ID ['47bbe4ea-02f0-4010-97d8-9520a53e189a', 'ab18529d-56db-4675-b5df-46e88b69a8e7']
2025-10-06 18:01:22 - urllib3.connectionpool - WARNING - Retrying (Retry(total=4, connect=None, read=None, redirect=None, status=None)) after connection broken by 'ProtocolError('Connection aborted.', RemoteDisconnected('Remote end closed connection without response'))': /v1/metadata_index/data_assets/find?limit=0&skip=0&filter=%7B%22name%22%3A+%22multiplane-ophys_767018_2025-01-22_14-04-11%22%7D&sort=%7B%22created%22%3A+1%7D
2025-10-06 18:01:41 - aind_session.session - INFO - Multiple external links found for multiplane-ophys_767018_2025-01-28_12-16-57 in DocumentDB: using most-recent as raw data asset ID ['239689ee-f5c7-4438-822b-a656258bd002', 'b0c8d948-3643-433e-8b33-5deb077dff7a']
2025-10-06 18:01:41 - aind_session.session - INFO - Multiple external links found for multiplane-ophys_767018_2025-01-28_12-16-57 in DocumentDB: using most-recent as raw data asset ID ['239689ee-f5c7-4438-822b-a656258bd002', 'b0c8d948-3643-433e-8b33-5deb077dff7a']
2025-10-06 18:01:45 - aind_session.session - INFO - Multiple external links found for multiplane-ophys_767018_2025-02-10_13-04-43 in DocumentDB: using most-recent as raw data asset ID ['1d41a92d-2f10-40d1-830d-83ba23aca8bd', '6204745b-4903-4c81-8519-8d87853d35e8']
2025-10-06 18:01:45 - aind_session.session - INFO - Multiple external links found for multiplane-ophys_767018_2025-02-10_13-04-43 in DocumentDB: using most-recent as raw data asset ID ['1d41a92d-2f10-40d1-830d-83ba23aca8bd', '6204745b-4903-4c81-8519-8d87853d35e8']
2025-10-06 18:01:49 - aind_session.session - INFO - Multiple external links found for multiplane-ophys_767018_2025-02-18_12-28-32 in DocumentDB: using most-recent as raw data asset ID ['47bbe4ea-02f0-4010-97d8-9520a53e189a', 'ab18529d-56db-4675-b5df-46e88b69a8e7']
2025-10-06 18:01:49 - aind_session.session - INFO - Multiple external links found for multiplane-ophys_767018_2025-02-18_12-28-32 in DocumentDB: using most-recent as raw data asset ID ['47bbe4ea-02f0-4010-97d8-9520a53e189a', 'ab18529d-56db-4675-b5df-46e88b69a8e7']
2025-10-06 18:02:13 - aind_session.session - INFO - Multiple external links found for multiplane-ophys_767018_2025-01-28_12-16-57 in DocumentDB: using most-recent as raw data asset ID ['239689ee-f5c7-4438-822b-a656258bd002', 'b0c8d948-3643-433e-8b33-5deb077dff7a']
2025-10-06 18:02:14 - aind_session.session - INFO - Multiple external links found for multiplane-ophys_767018_2025-01-28_12-16-57 in DocumentDB: using most-recent as raw data asset ID ['239689ee-f5c7-4438-822b-a656258bd002', 'b0c8d948-3643-433e-8b33-5deb077dff7a']
2025-10-06 18:02:15 - aind_session.session - INFO - Multiple external links found for multiplane-ophys_767018_2025-02-10_13-04-43 in DocumentDB: using most-recent as raw data asset ID ['1d41a92d-2f10-40d1-830d-83ba23aca8bd', '6204745b-4903-4c81-8519-8d87853d35e8']
2025-10-06 18:02:15 - aind_session.session - INFO - Multiple external links found for multiplane-ophys_767018_2025-02-10_13-04-43 in DocumentDB: using most-recent as raw data asset ID ['1d41a92d-2f10-40d1-830d-83ba23aca8bd', '6204745b-4903-4c81-8519-8d87853d35e8']
2025-10-06 18:02:16 - aind_session.session - INFO - Multiple external links found for multiplane-ophys_767018_2025-02-18_12-28-32 in DocumentDB: using most-recent as raw data asset ID ['47bbe4ea-02f0-4010-97d8-9520a53e189a', 'ab18529d-56db-4675-b5df-46e88b69a8e7']
2025-10-06 18:02:16 - aind_session.session - INFO - Multiple external links found for multiplane-ophys_767018_2025-02-18_12-28-32 in DocumentDB: using most-recent as raw data asset ID ['47bbe4ea-02f0-4010-97d8-9520a53e189a', 'ab18529d-56db-4675-b5df-46e88b69a8e7']
2025-10-06 18:03:42 - aind_session.session - INFO - Multiple external links found for multiplane-ophys_767018_2025-01-28_12-16-57 in DocumentDB: using most-recent as raw data asset ID ['239689ee-f5c7-4438-822b-a656258bd002', 'b0c8d948-3643-433e-8b33-5deb077dff7a']
2025-10-06 18:03:43 - aind_session.session - INFO - Multiple external links found for multiplane-ophys_767018_2025-02-10_13-04-43 in DocumentDB: using most-recent as raw data asset ID ['1d41a92d-2f10-40d1-830d-83ba23aca8bd', '6204745b-4903-4c81-8519-8d87853d35e8']
2025-10-06 18:03:44 - aind_session.session - INFO - Multiple external links found for multiplane-ophys_767018_2025-02-18_12-28-32 in DocumentDB: using most-recent as raw data asset ID ['47bbe4ea-02f0-4010-97d8-9520a53e189a', 'ab18529d-56db-4675-b5df-46e88b69a8e7']
2025-10-06 18:04:43 - aind_session.session - INFO - Multiple external links found for multiplane-ophys_767018_2025-01-28_12-16-57 in DocumentDB: using most-recent as raw data asset ID ['239689ee-f5c7-4438-822b-a656258bd002', 'b0c8d948-3643-433e-8b33-5deb077dff7a']
2025-10-06 18:04:43 - aind_session.session - INFO - Multiple external links found for multiplane-ophys_767018_2025-01-28_12-16-57 in DocumentDB: using most-recent as raw data asset ID ['239689ee-f5c7-4438-822b-a656258bd002', 'b0c8d948-3643-433e-8b33-5deb077dff7a']
2025-10-06 18:04:44 - aind_session.session - INFO - Multiple external links found for multiplane-ophys_767018_2025-02-10_13-04-43 in DocumentDB: using most-recent as raw data asset ID ['1d41a92d-2f10-40d1-830d-83ba23aca8bd', '6204745b-4903-4c81-8519-8d87853d35e8']
2025-10-06 18:04:44 - aind_session.session - INFO - Multiple external links found for multiplane-ophys_767018_2025-02-10_13-04-43 in DocumentDB: using most-recent as raw data asset ID ['1d41a92d-2f10-40d1-830d-83ba23aca8bd', '6204745b-4903-4c81-8519-8d87853d35e8']
2025-10-06 18:04:45 - aind_session.session - INFO - Multiple external links found for multiplane-ophys_767018_2025-02-18_12-28-32 in DocumentDB: using most-recent as raw data asset ID ['47bbe4ea-02f0-4010-97d8-9520a53e189a', 'ab18529d-56db-4675-b5df-46e88b69a8e7']
2025-10-06 18:04:45 - aind_session.session - INFO - Multiple external links found for multiplane-ophys_767018_2025-02-18_12-28-32 in DocumentDB: using most-recent as raw data asset ID ['47bbe4ea-02f0-4010-97d8-9520a53e189a', 'ab18529d-56db-4675-b5df-46e88b69a8e7']
2025-10-06 18:06:25 - aind_session.session - INFO - Multiple external links found for multiplane-ophys_767018_2025-01-28_12-16-57 in DocumentDB: using most-recent as raw data asset ID ['239689ee-f5c7-4438-822b-a656258bd002', 'b0c8d948-3643-433e-8b33-5deb077dff7a']
2025-10-06 18:06:26 - aind_session.session - INFO - Multiple external links found for multiplane-ophys_767018_2025-01-28_12-16-57 in DocumentDB: using most-recent as raw data asset ID ['239689ee-f5c7-4438-822b-a656258bd002', 'b0c8d948-3643-433e-8b33-5deb077dff7a']
2025-10-06 18:06:29 - aind_session.session - INFO - Multiple external links found for multiplane-ophys_767018_2025-02-10_13-04-43 in DocumentDB: using most-recent as raw data asset ID ['1d41a92d-2f10-40d1-830d-83ba23aca8bd', '6204745b-4903-4c81-8519-8d87853d35e8']
2025-10-06 18:06:29 - aind_session.session - INFO - Multiple external links found for multiplane-ophys_767018_2025-02-10_13-04-43 in DocumentDB: using most-recent as raw data asset ID ['1d41a92d-2f10-40d1-830d-83ba23aca8bd', '6204745b-4903-4c81-8519-8d87853d35e8']
2025-10-06 18:11:41 - urllib3.connectionpool - WARNING - Retrying (Retry(total=4, connect=None, read=None, redirect=None, status=None)) after connection broken by 'ProtocolError('Connection aborted.', RemoteDisconnected('Remote end closed connection without response'))': /v1/metadata_index/data_assets/find?limit=0&skip=0&filter=%7B%22name%22%3A+%22multiplane-ophys_755252_2024-11-12_09-43-51%22%7D&sort=%7B%22created%22%3A+1%7D
2025-10-06 18:11:45 - aind_session.session - INFO - Multiple external links found for multiplane-ophys_755252_2024-12-03_09-14-20 in DocumentDB: using most-recent as raw data asset ID ['7b1f90f0-6cbe-4ea7-b353-9d74c6237e0f', 'd7631748-2901-4c44-b842-07f7af9e9e53']
2025-10-06 18:11:45 - aind_session.session - INFO - Multiple external links found for multiplane-ophys_755252_2024-12-03_09-14-20 in DocumentDB: using most-recent as raw data asset ID ['7b1f90f0-6cbe-4ea7-b353-9d74c6237e0f', 'd7631748-2901-4c44-b842-07f7af9e9e53']
2025-10-06 18:11:55 - aind_session.session - INFO - Multiple external links found for multiplane-ophys_755252_2025-01-14_12-09-40 in DocumentDB: using most-recent as raw data asset ID ['1a0a5408-a111-4383-b805-4fb685fca696', '3e1adf0d-3457-4298-93b4-82a7aefbe009', 'a288168a-e6ab-4ca8-9cba-3c1c0555fffb', 'f4f33408-b8f4-4973-958f-f65aa2361aee']
2025-10-06 18:11:55 - aind_session.session - INFO - Multiple external links found for multiplane-ophys_755252_2025-01-14_12-09-40 in DocumentDB: using most-recent as raw data asset ID ['1a0a5408-a111-4383-b805-4fb685fca696', '3e1adf0d-3457-4298-93b4-82a7aefbe009', 'a288168a-e6ab-4ca8-9cba-3c1c0555fffb', 'f4f33408-b8f4-4973-958f-f65aa2361aee']
2025-10-06 18:12:27 - aind_session.session - INFO - Multiple external links found for multiplane-ophys_767018_2025-01-28_12-16-57 in DocumentDB: using most-recent as raw data asset ID ['239689ee-f5c7-4438-822b-a656258bd002', 'b0c8d948-3643-433e-8b33-5deb077dff7a']
2025-10-06 18:12:27 - aind_session.session - INFO - Multiple external links found for multiplane-ophys_767018_2025-01-28_12-16-57 in DocumentDB: using most-recent as raw data asset ID ['239689ee-f5c7-4438-822b-a656258bd002', 'b0c8d948-3643-433e-8b33-5deb077dff7a']
2025-10-06 18:12:28 - aind_session.session - INFO - Multiple external links found for multiplane-ophys_767018_2025-02-10_13-04-43 in DocumentDB: using most-recent as raw data asset ID ['1d41a92d-2f10-40d1-830d-83ba23aca8bd', '6204745b-4903-4c81-8519-8d87853d35e8']
2025-10-06 18:12:28 - aind_session.session - INFO - Multiple external links found for multiplane-ophys_767018_2025-02-10_13-04-43 in DocumentDB: using most-recent as raw data asset ID ['1d41a92d-2f10-40d1-830d-83ba23aca8bd', '6204745b-4903-4c81-8519-8d87853d35e8']
2025-10-06 18:12:31 - aind_session.session - INFO - Multiple external links found for multiplane-ophys_767018_2025-02-18_12-28-32 in DocumentDB: using most-recent as raw data asset ID ['47bbe4ea-02f0-4010-97d8-9520a53e189a', 'ab18529d-56db-4675-b5df-46e88b69a8e7']
2025-10-06 18:12:31 - aind_session.session - INFO - Multiple external links found for multiplane-ophys_767018_2025-02-18_12-28-32 in DocumentDB: using most-recent as raw data asset ID ['47bbe4ea-02f0-4010-97d8-9520a53e189a', 'ab18529d-56db-4675-b5df-46e88b69a8e7']
2025-10-06 18:13:26 - aind_session.session - INFO - Multiple external links found for multiplane-ophys_767018_2025-01-28_12-16-57 in DocumentDB: using most-recent as raw data asset ID ['239689ee-f5c7-4438-822b-a656258bd002', 'b0c8d948-3643-433e-8b33-5deb077dff7a']
2025-10-06 18:13:26 - aind_session.session - INFO - Multiple external links found for multiplane-ophys_767018_2025-01-28_12-16-57 in DocumentDB: using most-recent as raw data asset ID ['239689ee-f5c7-4438-822b-a656258bd002', 'b0c8d948-3643-433e-8b33-5deb077dff7a']
2025-10-06 18:13:27 - aind_session.session - INFO - Multiple external links found for multiplane-ophys_767018_2025-02-10_13-04-43 in DocumentDB: using most-recent as raw data asset ID ['1d41a92d-2f10-40d1-830d-83ba23aca8bd', '6204745b-4903-4c81-8519-8d87853d35e8']
2025-10-06 18:13:27 - aind_session.session - INFO - Multiple external links found for multiplane-ophys_767018_2025-02-10_13-04-43 in DocumentDB: using most-recent as raw data asset ID ['1d41a92d-2f10-40d1-830d-83ba23aca8bd', '6204745b-4903-4c81-8519-8d87853d35e8']
2025-10-06 18:13:28 - aind_session.session - INFO - Multiple external links found for multiplane-ophys_767018_2025-02-18_12-28-32 in DocumentDB: using most-recent as raw data asset ID ['47bbe4ea-02f0-4010-97d8-9520a53e189a', 'ab18529d-56db-4675-b5df-46e88b69a8e7']
2025-10-06 18:13:28 - aind_session.session - INFO - Multiple external links found for multiplane-ophys_767018_2025-02-18_12-28-32 in DocumentDB: using most-recent as raw data asset ID ['47bbe4ea-02f0-4010-97d8-9520a53e189a', 'ab18529d-56db-4675-b5df-46e88b69a8e7']
2025-10-06 18:22:16 - aind_session.session - INFO - Multiple external links found for multiplane-ophys_767018_2025-01-28_12-16-57 in DocumentDB: using most-recent as raw data asset ID ['239689ee-f5c7-4438-822b-a656258bd002', 'b0c8d948-3643-433e-8b33-5deb077dff7a']
2025-10-06 18:22:16 - aind_session.session - INFO - Multiple external links found for multiplane-ophys_767018_2025-01-28_12-16-57 in DocumentDB: using most-recent as raw data asset ID ['239689ee-f5c7-4438-822b-a656258bd002', 'b0c8d948-3643-433e-8b33-5deb077dff7a']
2025-10-06 18:22:19 - aind_session.session - INFO - Multiple external links found for multiplane-ophys_767018_2025-02-10_13-04-43 in DocumentDB: using most-recent as raw data asset ID ['1d41a92d-2f10-40d1-830d-83ba23aca8bd', '6204745b-4903-4c81-8519-8d87853d35e8']
2025-10-06 18:22:20 - aind_session.session - INFO - Multiple external links found for multiplane-ophys_767018_2025-02-10_13-04-43 in DocumentDB: using most-recent as raw data asset ID ['1d41a92d-2f10-40d1-830d-83ba23aca8bd', '6204745b-4903-4c81-8519-8d87853d35e8']
2025-10-06 18:22:22 - aind_session.session - INFO - Multiple external links found for multiplane-ophys_767018_2025-02-18_12-28-32 in DocumentDB: using most-recent as raw data asset ID ['47bbe4ea-02f0-4010-97d8-9520a53e189a', 'ab18529d-56db-4675-b5df-46e88b69a8e7']
2025-10-06 18:22:22 - aind_session.session - INFO - Multiple external links found for multiplane-ophys_767018_2025-02-18_12-28-32 in DocumentDB: using most-recent as raw data asset ID ['47bbe4ea-02f0-4010-97d8-9520a53e189a', 'ab18529d-56db-4675-b5df-46e88b69a8e7']
2025-10-06 18:22:36 - aind_session.session - INFO - Multiple external links found for multiplane-ophys_755252_2024-12-03_09-14-20 in DocumentDB: using most-recent as raw data asset ID ['7b1f90f0-6cbe-4ea7-b353-9d74c6237e0f', 'd7631748-2901-4c44-b842-07f7af9e9e53']
2025-10-06 18:22:36 - aind_session.session - INFO - Multiple external links found for multiplane-ophys_755252_2024-12-03_09-14-20 in DocumentDB: using most-recent as raw data asset ID ['7b1f90f0-6cbe-4ea7-b353-9d74c6237e0f', 'd7631748-2901-4c44-b842-07f7af9e9e53']
2025-10-06 18:22:44 - aind_session.session - INFO - Multiple external links found for multiplane-ophys_755252_2025-01-14_12-09-40 in DocumentDB: using most-recent as raw data asset ID ['1a0a5408-a111-4383-b805-4fb685fca696', '3e1adf0d-3457-4298-93b4-82a7aefbe009', 'a288168a-e6ab-4ca8-9cba-3c1c0555fffb', 'f4f33408-b8f4-4973-958f-f65aa2361aee']
2025-10-06 18:22:44 - aind_session.session - INFO - Multiple external links found for multiplane-ophys_755252_2025-01-14_12-09-40 in DocumentDB: using most-recent as raw data asset ID ['1a0a5408-a111-4383-b805-4fb685fca696', '3e1adf0d-3457-4298-93b4-82a7aefbe009', 'a288168a-e6ab-4ca8-9cba-3c1c0555fffb', 'f4f33408-b8f4-4973-958f-f65aa2361aee']
